RUN	com.gatlin.com.SearchAndEditComputer	searchandeditcomputer	1656805540995	 	3.6.1
USER	Users	START	1656805542322
USER	Admins	START	1656805542322
REQUEST		Home	1656805542392	1656805542823	OK	 
REQUEST		Home	1656805542392	1656805542826	OK	 
USER	Users	START	1656805543315
REQUEST		Home	1656805543316	1656805543708	OK	 
USER	Users	START	1656805544322
REQUEST		Home	1656805544323	1656805544663	OK	 
REQUEST		Search	1656805544896	1656805545027	OK	 
REQUEST		Search	1656805544896	1656805545028	OK	 
USER	Users	START	1656805545316
REQUEST		Home	1656805545316	1656805545629	OK	 
REQUEST		Search	1656805545721	1656805545832	OK	 
USER	Users	START	1656805546311
REQUEST		Home	1656805546312	1656805546717	OK	 
REQUEST		Search	1656805546683	1656805546787	OK	 
USER	Admins	START	1656805547317
USER	Users	START	1656805547317
REQUEST		Home	1656805547318	1656805547667	OK	 
REQUEST		Home	1656805547318	1656805547667	OK	 
REQUEST		Search	1656805547644	1656805547752	OK	 
REQUEST		Select	1656805548033	1656805548113	OK	 
REQUEST		Select	1656805548033	1656805548113	OK	 
USER	Users	START	1656805548329
REQUEST		Home	1656805548329	1656805548611	OK	 
REQUEST		Search	1656805548731	1656805548867	OK	 
REQUEST		Select	1656805548840	1656805548947	OK	 
USER	Users	START	1656805549321
REQUEST		Home	1656805549322	1656805549635	OK	 
REQUEST		Search	1656805549678	1656805549788	OK	 
REQUEST		Search	1656805549678	1656805549788	OK	 
REQUEST		Select	1656805549800	1656805549913	OK	 
USER	Users	START	1656805550311
REQUEST		Search	1656805550621	1656805550708	OK	 
REQUEST		Home	1656805550311	1656805550708	OK	 
REQUEST		Select	1656805550761	1656805550866	OK	 
USER	Users	START	1656805551318
REQUEST		Search	1656805551645	1656805551747	OK	 
REQUEST		Home	1656805551318	1656805551747	OK	 
REQUEST		Select	1656805551878	1656805552028	OK	 
USER	Users	END	1656805552133
REQUEST		Edit	1656805552135	1656805552210	OK	 
REQUEST		Edit Redirect 1	1656805552217	1656805552307	OK	 
REQUEST		Search	1656805552719	1656805552788	OK	 
REQUEST		Select	1656805552797	1656805552868	OK	 
REQUEST		Select	1656805552797	1656805552868	OK	 
USER	Users	END	1656805552952
REQUEST		Select	1656805553725	1656805553792	OK	 
REQUEST		Search	1656805553755	1656805553868	OK	 
USER	Users	END	1656805553926
REQUEST		Select	1656805554764	1656805554836	OK	 
USER	Users	END	1656805554873
REQUEST		Select	1656805555806	1656805555887	OK	 
USER	Users	END	1656805556038
USER	Admins	END	1656805556316
USER	Users	END	1656805556873
REQUEST		Edit	1656805556872	1656805556993	OK	 
REQUEST		Select	1656805556872	1656805556994	OK	 
REQUEST		Edit Redirect 1	1656805556994	1656805557073	OK	 
USER	Users	END	1656805557802
USER	Users	END	1656805558845
USER	Users	END	1656805559902
USER	Users	END	1656805561003
USER	Admins	END	1656805561080
