RUN	com.gatlin.com.api.PostPutDeleteApiDemo	postputdeleteapidemo	1656931764490	Demo 6	3.6.1
USER	Delete Users	START	1656931765774
USER	Update User	START	1656931765772
USER	create users	START	1656931765771
USER	Delete Users	START	1656931766260
USER	Update User	START	1656931766260
USER	create users	START	1656931766276
REQUEST		delete user req	1656931765789	1656931766427	OK	 
REQUEST		update user	1656931765789	1656931766426	OK	 
REQUEST		create user request	1656931765789	1656931766412	OK	 
REQUEST		delete user req	1656931766260	1656931766709	OK	 
REQUEST		create user request	1656931766276	1656931766709	OK	 
REQUEST		update user	1656931766260	1656931766709	OK	 
USER	create users	START	1656931766763
USER	Update User	START	1656931766763
USER	Delete Users	START	1656931766763
REQUEST		delete user req	1656931766764	1656931767221	OK	 
REQUEST		update user	1656931766764	1656931767221	OK	 
REQUEST		create user request	1656931766764	1656931767221	OK	 
USER	Update User	START	1656931767266
USER	create users	START	1656931767266
USER	Delete Users	END	1656931767446
USER	create users	END	1656931767461
USER	Update User	END	1656931767461
USER	Delete Users	END	1656931767719
USER	create users	END	1656931767719
USER	Update User	END	1656931767719
REQUEST		create user request	1656931767267	1656931767725	OK	 
REQUEST		update user	1656931767267	1656931767725	OK	 
USER	create users	START	1656931767766
USER	Update User	START	1656931767766
REQUEST		create user request	1656931767767	1656931768207	OK	 
REQUEST		update user	1656931767767	1656931768218	OK	 
USER	Update User	END	1656931768239
USER	Delete Users	END	1656931768239
USER	create users	END	1656931768239
USER	create users	START	1656931768271
REQUEST		create user request	1656931768271	1656931768711	OK	 
USER	create users	END	1656931768740
USER	Update User	END	1656931768740
USER	create users	START	1656931768772
USER	Update User	END	1656931769225
USER	create users	END	1656931769225
REQUEST		create user request	1656931768773	1656931769234	OK	 
USER	create users	START	1656931769273
USER	create users	END	1656931769714
REQUEST		create user request	1656931769274	1656931769719	OK	 
USER	create users	START	1656931769779
USER	create users	END	1656931770242
REQUEST		create user request	1656931769779	1656931770252	OK	 
USER	create users	START	1656931770274
USER	create users	END	1656931770730
REQUEST		create user request	1656931770275	1656931770736	OK	 
USER	create users	END	1656931771263
USER	create users	END	1656931771740
